[Tue, 19 Mar 2013 12:49:50 GMT] INFO Server starting with config: {
  "environment": "development",
  "workers": 1,
  "port": 4000,
  "spdy": null,
  "ssl": null,
  "debug": true,
  "rotateWorkers": false,
  "rotationWindow": 7200000,
  "rotationTimeout": 300000,
  "logDir": "/home/alecca/drsounds/log",
  "gracefulShutdownTimeout": 30000,
  "heartbeatInterval": 5000,
  "heartbeatWindow": 20000,
  "staticFilePath": "/home/alecca/drsounds/public",
  "sessions": {
    "store": "memory",
    "key": "sid",
    "expiry": 1209600
  },
  "cookieSessionKey": "sdata",
  "metrics": null,
  "i18n": {
    "defaultLocale": "en-us",
    "loadPaths": [
      "/home/alecca/drsounds/config/locales"
    ]
  },
  "hostname": "localhost",
  "fullHostname": "http://localhost:4000",
  "connectCompatibility": false,
  "realtime": true,
  "detailedErrors": true,
  "model": {
    "defaultAdapter": "mongo"
  },
  "db": {
    "mongo": {
      "dbname": "drsounds"
    }
  },
  "passport": {
    "successRedirect": "/",
    "failureRedirect": "/login",
    "twitter": {
      "consumerKey": "XXXXX",
      "consumerSecret": "XXXXX"
    },
    "facebook": {
      "clientID": "449541581758795",
      "clientSecret": "a64e5fab38f5e2e83e95d84cef47dcd5"
    },
    "yammer": {
      "clientID": "XXXXX",
      "clientSecret": "XXXXX"
    }
  },
  "secret": "ga7j3G0M7WwjyBy13P0r0p2lw1e27lhS7pGuTXv0P9yWMuriUlvXICD7lcXGCusL5SkHccTemjntAfutxm03ykDxseRyxx7xVFPMTClVwjEv0s7HQiNQuVtTomn2WBkc"
}
[Tue, 19 Mar 2013 12:49:50 GMT] INFO Creating 1 worker process.
[Tue, 19 Mar 2013 12:49:51 GMT] INFO Server worker running in development on port 4000 with a PID of: 5637
[Tue, 19 Mar 2013 12:51:00 GMT] INFO Code changed, killing 5637, cycling ...
[Tue, 19 Mar 2013 12:51:00 GMT] INFO Creating 1 worker process.
[Tue, 19 Mar 2013 12:51:01 GMT] INFO Server worker running in development on port 4000 with a PID of: 5655
[Tue, 19 Mar 2013 12:51:10 GMT] INFO Code changed, killing 5655, cycling ...
[Tue, 19 Mar 2013 12:51:10 GMT] INFO Creating 1 worker process.
[Tue, 19 Mar 2013 12:51:11 GMT] INFO Server worker running in development on port 4000 with a PID of: 5658
[Tue, 19 Mar 2013 12:53:35 GMT] INFO Code changed, killing 5658, cycling ...
[Tue, 19 Mar 2013 12:53:35 GMT] INFO Creating 1 worker process.
[Tue, 19 Mar 2013 12:53:37 GMT] INFO Server worker running in development on port 4000 with a PID of: 5682
[Tue, 19 Mar 2013 13:18:33 GMT] INFO Code changed, killing 5682, cycling ...
[Tue, 19 Mar 2013 13:18:33 GMT] INFO Creating 1 worker process.
[Tue, 19 Mar 2013 13:18:34 GMT] INFO Server worker running in development on port 4000 with a PID of: 5799
[Tue, 19 Mar 2013 13:21:13 GMT] INFO Code changed, killing 5799, cycling ...
[Tue, 19 Mar 2013 13:21:13 GMT] INFO Creating 1 worker process.
[Tue, 19 Mar 2013 13:21:38 GMT] INFO Creating 1 worker process.
[Tue, 19 Mar 2013 13:21:58 GMT] INFO Creating 1 worker process.
[Tue, 19 Mar 2013 13:22:13 GMT] INFO Creating 1 worker process.
[Tue, 19 Mar 2013 13:22:18 GMT] INFO Creating 1 worker process.
[Tue, 19 Mar 2013 13:22:38 GMT] INFO Creating 1 worker process.
[Tue, 19 Mar 2013 13:23:13 GMT] INFO Creating 1 worker process.
[Tue, 19 Mar 2013 13:23:28 GMT] INFO Creating 1 worker process.
[Tue, 19 Mar 2013 13:23:58 GMT] INFO Creating 1 worker process.
[Tue, 19 Mar 2013 13:23:59 GMT] INFO Server worker running in development on port 4000 with a PID of: 5833
