[Mon, 18 Mar 2013 21:03:55 GMT] INFO Server starting with config: {
  "environment": "development",
  "workers": 1,
  "port": 4000,
  "spdy": null,
  "ssl": null,
  "debug": true,
  "rotateWorkers": false,
  "rotationWindow": 7200000,
  "rotationTimeout": 300000,
  "logDir": "/home/alecca/drsounds/log",
  "gracefulShutdownTimeout": 30000,
  "heartbeatInterval": 5000,
  "heartbeatWindow": 20000,
  "staticFilePath": "/home/alecca/drsounds/public",
  "sessions": {
    "store": "memory",
    "key": "sid",
    "expiry": 1209600
  },
  "cookieSessionKey": "sdata",
  "metrics": null,
  "i18n": {
    "defaultLocale": "en-us",
    "loadPaths": [
      "/home/alecca/drsounds/config/locales"
    ]
  },
  "hostname": "localhost",
  "fullHostname": "http://localhost:4000",
  "connectCompatibility": false,
  "realtime": true,
  "detailedErrors": true,
  "model": {
    "defaultAdapter": "memory"
  },
  "passport": {
    "successRedirect": "/",
    "failureRedirect": "/login",
    "twitter": {
      "consumerKey": "XXXXX",
      "consumerSecret": "XXXXX"
    },
    "facebook": {
      "clientID": "XXXXX",
      "clientSecret": "XXXXX"
    },
    "yammer": {
      "clientID": "XXXXX",
      "clientSecret": "XXXXX"
    }
  },
  "secret": "ga7j3G0M7WwjyBy13P0r0p2lw1e27lhS7pGuTXv0P9yWMuriUlvXICD7lcXGCusL5SkHccTemjntAfutxm03ykDxseRyxx7xVFPMTClVwjEv0s7HQiNQuVtTomn2WBkc"
}
[Mon, 18 Mar 2013 21:03:55 GMT] INFO Creating 1 worker process.
[Mon, 18 Mar 2013 21:03:56 GMT] INFO Server worker running in development on port 4000 with a PID of: 3310
[Mon, 18 Mar 2013 21:06:00 GMT] INFO Creating 1 worker process.
[Mon, 18 Mar 2013 21:06:01 GMT] INFO Server worker running in development on port 4000 with a PID of: 3374
[Mon, 18 Mar 2013 21:07:20 GMT] INFO Code changed, killing 3374, cycling ...
[Mon, 18 Mar 2013 21:07:20 GMT] INFO Creating 1 worker process.
[Mon, 18 Mar 2013 21:07:20 GMT] INFO Code changed, killing 3390, cycling ...
[Mon, 18 Mar 2013 21:07:20 GMT] INFO Creating 1 worker process.
[Mon, 18 Mar 2013 21:07:21 GMT] INFO Server worker running in development on port 4000 with a PID of: 3392
[Mon, 18 Mar 2013 21:08:10 GMT] INFO Creating 1 worker process.
[Mon, 18 Mar 2013 21:08:10 GMT] INFO Code changed, killing 3435, cycling ...
[Mon, 18 Mar 2013 21:08:10 GMT] INFO Creating 1 worker process.
[Mon, 18 Mar 2013 21:08:11 GMT] INFO Server worker running in development on port 4000 with a PID of: 3436
[Mon, 18 Mar 2013 21:08:35 GMT] INFO Creating 1 worker process.
[Mon, 18 Mar 2013 21:08:36 GMT] INFO Server worker running in development on port 4000 with a PID of: 3447
[Mon, 18 Mar 2013 21:10:30 GMT] INFO Code changed, killing 3447, cycling ...
[Mon, 18 Mar 2013 21:10:30 GMT] INFO Creating 1 worker process.
[Mon, 18 Mar 2013 21:10:30 GMT] INFO Code changed, killing 3456, cycling ...
[Mon, 18 Mar 2013 21:10:30 GMT] INFO Creating 1 worker process.
[Mon, 18 Mar 2013 21:10:31 GMT] INFO Server worker running in development on port 4000 with a PID of: 3458
[Mon, 18 Mar 2013 21:11:00 GMT] INFO Code changed, killing 3458, cycling ...
[Mon, 18 Mar 2013 21:11:00 GMT] INFO Creating 1 worker process.
[Mon, 18 Mar 2013 21:11:00 GMT] INFO Code changed, killing 3473, cycling ...
[Mon, 18 Mar 2013 21:11:00 GMT] INFO Creating 1 worker process.
[Mon, 18 Mar 2013 21:11:01 GMT] INFO Server worker running in development on port 4000 with a PID of: 3475
